<?xml version="1.0" encoding="UTF-8"?>
<!-- Generated by org.testng.reporters.JUnitReportReporter -->
<testsuite hostname="Phanisai" name="Pack2.Test2" tests="2" failures="0" timestamp="21 Jun 2016 13:06:49 GMT" time="76.452" errors="0">
  <testcase name="close" time="71.186" classname="Pack2.Test2"/>
  <testcase name="launch" time="5.266" classname="Pack2.Test2"/>
</testsuite> <!-- Pack2.Test2 -->
