<?xml version="1.0" encoding="UTF-8"?>
<!-- Generated by org.testng.reporters.JUnitReportReporter -->
<testsuite hostname="Phanisai" name="Pack2.Test1" tests="1" failures="0" timestamp="21 Jun 2016 13:06:49 GMT" time="111.668" errors="0">
  <testcase name="launch" time="111.668" classname="Pack2.Test1"/>
</testsuite> <!-- Pack2.Test1 -->
