<?xml version="1.0" encoding="UTF-8"?>
<!-- Generated by org.testng.reporters.JUnitReportReporter -->
<testsuite hostname="Phanisai" name="Pack2.Testexcel" tests="1" failures="0" timestamp="15 Feb 2016 07:00:14 GMT" time="61.646" errors="0">
  <testcase name="Testingprocess" time="61.646" classname="Pack2.Testexcel"/>
</testsuite> <!-- Pack2.Testexcel -->
